0 info it worked if it ends with ok
1 verbose cli [ 'C:\\Program Files\\nodejs\\node.exe',
1 verbose cli   'C:\\Program Files\\nodejs\\node_modules\\npm\\bin\\npm-cli.js',
1 verbose cli   'run',
1 verbose cli   'start' ]
2 info using npm@3.10.10
3 info using node@v6.11.3
4 verbose run-script [ 'prestart', 'start', 'poststart' ]
5 info lifecycle countries_info_api@1.0.0~prestart: countries_info_api@1.0.0
6 silly lifecycle countries_info_api@1.0.0~prestart: no script for prestart, continuing
7 info lifecycle countries_info_api@1.0.0~start: countries_info_api@1.0.0
8 verbose lifecycle countries_info_api@1.0.0~start: unsafe-perm in lifecycle true
9 verbose lifecycle countries_info_api@1.0.0~start: PATH: C:\Users\s.de.bruijn\AppData\Roaming\nvm\v6.11.3\node_modules\npm\bin\node-gyp-bin;C:\Users\s.de.bruijn\Documents\GitHub\countries_info_api\node_modules\.bin;C:\Program Files\Git\mingw64\bin;C:\Program Files\Git\usr\bin;C:\Users\s.de.bruijn\bin;D:\Program Files\ImageMagick-6.9.9-Q16;D:\Program Files\ImageMagick-7.0.7-Q16;C:\Program Files\ImageMagick-7.0.6-Q16;C:\Windows\system32;C:\Windows;C:\Windows\System32\Wbem;C:\Windows\System32\WindowsPowerShell\v1.0;C:\Program Files\Microsoft SQL Server\Client SDK\ODBC\130\Tools\Binn;C:\Program Files (x86)\Microsoft SQL Server\130\Tools\Binn;C:\Program Files\Microsoft SQL Server\130\Tools\Binn;C:\Program Files\Microsoft SQL Server\130\DTS\Binn;C:\Program Files (x86)\Microsoft SQL Server\Client SDK\ODBC\130\Tools\Binn;C:\Program Files (x86)\Microsoft SQL Server\140\Tools\Binn;C:\Program Files (x86)\Microsoft SQL Server\140\DTS\Binn;C:\Program Files (x86)\Microsoft SQL Server\140\Tools\Binn\ManagementStudio;C:\Program Files\dotnet;C:\Program Files\Microsoft SQL Server\Client SDK\ODBC\110\Tools\Binn;C:\Program Files (x86)\Microsoft SQL Server\120\Tools\Binn\ManagementStudio;C:\Program Files (x86)\Microsoft SQL Server\120\Tools\Binn;C:\Program Files\Microsoft SQL Server\120\Tools\Binn;C:\Program Files (x86)\Microsoft SQL Server\120\DTS\Binn;C:\Program Files\Microsoft SQL Server\110\Tools\Binn;C:\Program Files\Microsoft\Web Platform Installer;C:\Program Files\Microsoft SQL Server\140\Tools\Binn;C:\Program Files\Microsoft SQL Server\140\DTS\Binn;C:\Users\s.de.bruijn\.dnx\bin;C:\Program Files\Microsoft DNX\Dnvm;C:\Program Files\Microsoft VS Code\bin;C:\Program Files (x86)\Yarn\bin;%NVM_HOME%;%NVM_SYMLINK%;C:\Program Files\Git\cmd;C:\Users\s.de.bruijn\AppData\Local\Microsoft\WindowsApps;C:\Users\s.de.bruijn\AppData\Local\GitHubDesktop\bin;C:\Users\s.de.bruijn\.dotnet\tools;C:\Users\s.de.bruijn\AppData\Local\Yarn\bin;C:\Users\s.de.bruijn\AppData\Roaming\nvm;C:\Program Files\nodejs;C:\Users\s.de.bruijn\.dotnet\tools
10 verbose lifecycle countries_info_api@1.0.0~start: CWD: C:\Users\s.de.bruijn\Documents\GitHub\countries_info_api
11 silly lifecycle countries_info_api@1.0.0~start: Args: [ '/d /s /c', 'nodemon --exec babel-node src/index.js' ]
12 silly lifecycle countries_info_api@1.0.0~start: Returned: code: 1  signal: null
13 info lifecycle countries_info_api@1.0.0~start: Failed to exec start script
14 verbose stack Error: countries_info_api@1.0.0 start: `nodemon --exec babel-node src/index.js`
14 verbose stack Exit status 1
14 verbose stack     at EventEmitter.<anonymous> (C:\Users\s.de.bruijn\AppData\Roaming\nvm\v6.11.3\node_modules\npm\lib\utils\lifecycle.js:255:16)
14 verbose stack     at emitTwo (events.js:106:13)
14 verbose stack     at EventEmitter.emit (events.js:191:7)
14 verbose stack     at ChildProcess.<anonymous> (C:\Users\s.de.bruijn\AppData\Roaming\nvm\v6.11.3\node_modules\npm\lib\utils\spawn.js:40:14)
14 verbose stack     at emitTwo (events.js:106:13)
14 verbose stack     at ChildProcess.emit (events.js:191:7)
14 verbose stack     at maybeClose (internal/child_process.js:920:16)
14 verbose stack     at Process.ChildProcess._handle.onexit (internal/child_process.js:230:5)
15 verbose pkgid countries_info_api@1.0.0
16 verbose cwd C:\Users\s.de.bruijn\Documents\GitHub\countries_info_api
17 error Windows_NT 10.0.14393
18 error argv "C:\\Program Files\\nodejs\\node.exe" "C:\\Program Files\\nodejs\\node_modules\\npm\\bin\\npm-cli.js" "run" "start"
19 error node v6.11.3
20 error npm  v3.10.10
21 error code ELIFECYCLE
22 error countries_info_api@1.0.0 start: `nodemon --exec babel-node src/index.js`
22 error Exit status 1
23 error Failed at the countries_info_api@1.0.0 start script 'nodemon --exec babel-node src/index.js'.
23 error Make sure you have the latest version of node.js and npm installed.
23 error If you do, this is most likely a problem with the countries_info_api package,
23 error not with npm itself.
23 error Tell the author that this fails on your system:
23 error     nodemon --exec babel-node src/index.js
23 error You can get information on how to open an issue for this project with:
23 error     npm bugs countries_info_api
23 error Or if that isn't available, you can get their info via:
23 error     npm owner ls countries_info_api
23 error There is likely additional logging output above.
24 verbose exit [ 1, true ]
